#! /opt/oss-cad-suite/bin/vvp
:ivl_version "14.0 (devel)" "(s20251012-123-g49126efa7)";
:ivl_delay_selection "TYPICAL";
:vpi_time_precision - 12;
:vpi_module "/opt/oss-cad-suite/lib/ivl/system.vpi";
:vpi_module "/opt/oss-cad-suite/lib/ivl/vhdl_sys.vpi";
:vpi_module "/opt/oss-cad-suite/lib/ivl/vhdl_textio.vpi";
:vpi_module "/opt/oss-cad-suite/lib/ivl/v2005_math.vpi";
:vpi_module "/opt/oss-cad-suite/lib/ivl/va_math.vpi";
:vpi_module "/opt/oss-cad-suite/lib/ivl/v2009.vpi";
S_0x5555594904c0 .scope package, "$unit" "$unit" 2 1;
 .timescale 0 0;
S_0x555559490650 .scope module, "uart_loopback_tb" "uart_loopback_tb" 3 3;
 .timescale -9 -12;
v0x5555594b0380_0 .var "clk", 0 0;
v0x5555594b0440_0 .var "current_expected", 7 0;
v0x5555594b0520_0 .var/queue "expected_data_queue", 8;
v0x5555594b05c0_0 .var "rst", 0 0;
v0x5555594b06b0_0 .net "rx_data", 7 0, v0x5555594aeb70_0;  1 drivers
v0x5555594b07a0_0 .net "rx_data_valid", 0 0, v0x5555594aed30_0;  1 drivers
v0x5555594b0840_0 .var "tx_data", 7 0;
v0x5555594b08e0_0 .var "tx_send", 0 0;
v0x5555594b09b0_0 .net "tx_to_rx_line", 0 0, v0x5555594b0200_0;  1 drivers
S_0x555559426d40 .scope module, "rx_inst" "uart_rx" 3 32, 4 1 0, S_0x555559490650;
 .timescale 0 0;
    .port_info 0 /INPUT 1 "clk";
    .port_info 1 /INPUT 1 "rst";
    .port_info 2 /INPUT 1 "rx";
    .port_info 3 /OUTPUT 1 "data_valid";
    .port_info 4 /OUTPUT 8 "data";
enum0x55555944d140 .enum2/s (32)
   "IDLE" 0,
   "START" 1,
   "DATA" 2,
   "STOP" 3
 ;
v0x55555948c810_0 .net *"_ivl_0", 31 0, L_0x5555594c0de0;  1 drivers
L_0x7fb5fb1540a8 .functor BUFT 1, C4<0000000000000000000000000>, C4<0>, C4<0>, C4<0>;
v0x55555948e5b0_0 .net *"_ivl_3", 24 0, L_0x7fb5fb1540a8;  1 drivers
L_0x7fb5fb1540f0 .functor BUFT 1, C4<00000000000000000000000001001101>, C4<0>, C4<0>, C4<0>;
v0x555559485180_0 .net/2u *"_ivl_4", 31 0, L_0x7fb5fb1540f0;  1 drivers
v0x55555945e530_0 .var "baud_counter", 6 0;
v0x55555947fd30_0 .net "baud_tick", 0 0, L_0x5555594c0f30;  1 drivers
v0x555559480040_0 .var "bit_index", 2 0;
v0x55555948e650_0 .net "clk", 0 0, v0x5555594b0380_0;  1 drivers
v0x5555594aea90_0 .var/2s "current_state", 31 0;
v0x5555594aeb70_0 .var "data", 7 0;
v0x5555594aec50_0 .var "data_shifter", 7 0;
v0x5555594aed30_0 .var "data_valid", 0 0;
v0x5555594aedf0_0 .net "rst", 0 0, v0x5555594b05c0_0;  1 drivers
v0x5555594aeeb0_0 .net "rx", 0 0, v0x5555594b0200_0;  alias, 1 drivers
v0x5555594aef70_0 .var "tick_counter", 3 0;
E_0x555559474ce0 .event posedge, v0x55555948e650_0;
L_0x5555594c0de0 .concat [ 7 25 0 0], v0x55555945e530_0, L_0x7fb5fb1540a8;
L_0x5555594c0f30 .cmp/eq 32, L_0x5555594c0de0, L_0x7fb5fb1540f0;
S_0x5555594af0f0 .scope autotask, "send_byte" "send_byte" 3 46, 3 46 0, S_0x555559490650;
 .timescale -9 -12;
v0x5555594af2a0_0 .var "byte_to_send", 7 0;
TD_uart_loopback_tb.send_byte ;
    %wait E_0x555559474ce0;
    %load/vec4 v0x5555594af2a0_0;
    %store/vec4 v0x5555594b0840_0, 0, 8;
    %pushi/vec4 1, 0, 1;
    %store/vec4 v0x5555594b08e0_0, 0, 1;
    %ix/load 4, 0, 0;
    %load/vec4 v0x5555594af2a0_0;
    %store/qb/v v0x5555594b0520_0, 4, 8;
    %wait E_0x555559474ce0;
    %pushi/vec4 0, 0, 1;
    %store/vec4 v0x5555594b08e0_0, 0, 1;
    %pushi/vec4 13000, 0, 32;
T_0.0 %dup/vec4;
    %cmpi/s 0, 0, 32;
    %jmp/1xz T_0.1, 5;
    %jmp/1 T_0.1, 4;
    %subi 1, 0, 32;
    %wait E_0x555559474ce0;
    %jmp T_0.0;
T_0.1 ;
    %pop/vec4 1;
    %end;
S_0x5555594af380 .scope module, "tx_inst" "uart_tx" 3 23, 5 1 0, S_0x555559490650;
 .timescale 0 0;
    .port_info 0 /INPUT 1 "clk";
    .port_info 1 /INPUT 1 "rst";
    .port_info 2 /INPUT 8 "data";
    .port_info 3 /INPUT 1 "send";
    .port_info 4 /OUTPUT 1 "tx";
enum0x55555944c690 .enum2/s (32)
   "IDLE" 0,
   "START" 1,
   "DATA" 2,
   "STOP" 3
 ;
v0x5555594af670_0 .net *"_ivl_0", 31 0, L_0x5555594b0ae0;  1 drivers
L_0x7fb5fb154018 .functor BUFT 1, C4<0000000000000000000000000>, C4<0>, C4<0>, C4<0>;
v0x5555594af770_0 .net *"_ivl_3", 24 0, L_0x7fb5fb154018;  1 drivers
L_0x7fb5fb154060 .functor BUFT 1, C4<00000000000000000000000001001101>, C4<0>, C4<0>, C4<0>;
v0x5555594af850_0 .net/2u *"_ivl_4", 31 0, L_0x7fb5fb154060;  1 drivers
v0x5555594af910_0 .var "baud_counter", 6 0;
v0x5555594af9f0_0 .net "baud_tick", 0 0, L_0x5555594c0c70;  1 drivers
v0x5555594afb00_0 .var "bit_index", 2 0;
v0x5555594afbe0_0 .net "clk", 0 0, v0x5555594b0380_0;  alias, 1 drivers
v0x5555594afc80_0 .var/2s "current_state", 31 0;
v0x5555594afd40_0 .net "data", 7 0, v0x5555594b0840_0;  1 drivers
v0x5555594afe20_0 .var "data_register", 7 0;
v0x5555594aff00_0 .var/2s "next_state", 31 0;
v0x5555594affe0_0 .net "rst", 0 0, v0x5555594b05c0_0;  alias, 1 drivers
v0x5555594b0080_0 .net "send", 0 0, v0x5555594b08e0_0;  1 drivers
v0x5555594b0120_0 .var "tick_counter", 3 0;
v0x5555594b0200_0 .var "tx", 0 0;
E_0x555559474ed0/0 .event anyedge, v0x5555594afc80_0, v0x5555594b0080_0, v0x5555594af9f0_0, v0x5555594b0120_0;
E_0x555559474ed0/1 .event anyedge, v0x5555594afb00_0, v0x5555594afe20_0;
E_0x555559474ed0 .event/or E_0x555559474ed0/0, E_0x555559474ed0/1;
L_0x5555594b0ae0 .concat [ 7 25 0 0], v0x5555594af910_0, L_0x7fb5fb154018;
L_0x5555594c0c70 .cmp/eq 32, L_0x5555594b0ae0, L_0x7fb5fb154060;
    .scope S_0x5555594af380;
T_1 ;
Ewait_0 .event/or E_0x555559474ed0, E_0x0;
    %wait Ewait_0;
    %load/vec4 v0x5555594afc80_0;
    %store/vec4 v0x5555594aff00_0, 0, 32;
    %load/vec4 v0x5555594afc80_0;
    %dup/vec4;
    %pushi/vec4 0, 0, 32;
    %cmp/u;
    %jmp/1 T_1.0, 6;
    %dup/vec4;
    %pushi/vec4 1, 0, 32;
    %cmp/u;
    %jmp/1 T_1.1, 6;
    %dup/vec4;
    %pushi/vec4 2, 0, 32;
    %cmp/u;
    %jmp/1 T_1.2, 6;
    %dup/vec4;
    %pushi/vec4 3, 0, 32;
    %cmp/u;
    %jmp/1 T_1.3, 6;
    %pushi/vec4 0, 0, 32;
    %store/vec4 v0x5555594aff00_0, 0, 32;
    %jmp T_1.5;
T_1.0 ;
    %pushi/vec4 1, 0, 1;
    %store/vec4 v0x5555594b0200_0, 0, 1;
    %load/vec4 v0x5555594b0080_0;
    %flag_set/vec4 8;
    %jmp/0xz  T_1.6, 8;
    %pushi/vec4 1, 0, 32;
    %store/vec4 v0x5555594aff00_0, 0, 32;
T_1.6 ;
    %jmp T_1.5;
T_1.1 ;
    %pushi/vec4 0, 0, 1;
    %store/vec4 v0x5555594b0200_0, 0, 1;
    %load/vec4 v0x5555594af9f0_0;
    %flag_set/vec4 9;
    %flag_get/vec4 9;
    %jmp/0 T_1.10, 9;
    %load/vec4 v0x5555594b0120_0;
    %pad/u 32;
    %pushi/vec4 15, 0, 32;
    %cmp/e;
    %flag_get/vec4 4;
    %and;
T_1.10;
    %flag_set/vec4 8;
    %jmp/0xz  T_1.8, 8;
    %pushi/vec4 2, 0, 32;
    %store/vec4 v0x5555594aff00_0, 0, 32;
T_1.8 ;
    %jmp T_1.5;
T_1.2 ;
    %load/vec4 v0x5555594afe20_0;
    %load/vec4 v0x5555594afb00_0;
    %part/u 1;
    %store/vec4 v0x5555594b0200_0, 0, 1;
    %load/vec4 v0x5555594af9f0_0;
    %flag_set/vec4 9;
    %flag_get/vec4 9;
    %jmp/0 T_1.13, 9;
    %load/vec4 v0x5555594b0120_0;
    %pad/u 32;
    %pushi/vec4 15, 0, 32;
    %cmp/e;
    %flag_get/vec4 4;
    %and;
T_1.13;
    %flag_set/vec4 8;
    %jmp/0xz  T_1.11, 8;
    %load/vec4 v0x5555594afb00_0;
    %pad/u 32;
    %cmpi/e 7, 0, 32;
    %jmp/0xz  T_1.14, 4;
    %pushi/vec4 3, 0, 32;
    %store/vec4 v0x5555594aff00_0, 0, 32;
    %jmp T_1.15;
T_1.14 ;
    %pushi/vec4 2, 0, 32;
    %store/vec4 v0x5555594aff00_0, 0, 32;
T_1.15 ;
T_1.11 ;
    %jmp T_1.5;
T_1.3 ;
    %pushi/vec4 1, 0, 1;
    %store/vec4 v0x5555594b0200_0, 0, 1;
    %load/vec4 v0x5555594af9f0_0;
    %flag_set/vec4 9;
    %flag_get/vec4 9;
    %jmp/0 T_1.18, 9;
    %load/vec4 v0x5555594b0120_0;
    %pad/u 32;
    %pushi/vec4 15, 0, 32;
    %cmp/e;
    %flag_get/vec4 4;
    %and;
T_1.18;
    %flag_set/vec4 8;
    %jmp/0xz  T_1.16, 8;
    %pushi/vec4 0, 0, 32;
    %store/vec4 v0x5555594aff00_0, 0, 32;
T_1.16 ;
    %jmp T_1.5;
T_1.5 ;
    %pop/vec4 1;
    %jmp T_1;
    .thread T_1, $push;
    .scope S_0x5555594af380;
T_2 ;
    %wait E_0x555559474ce0;
    %load/vec4 v0x5555594affe0_0;
    %flag_set/vec4 8;
    %jmp/0xz  T_2.0, 8;
    %pushi/vec4 0, 0, 32;
    %assign/vec4 v0x5555594afc80_0, 0;
    %pushi/vec4 0, 0, 7;
    %assign/vec4 v0x5555594af910_0, 0;
    %pushi/vec4 0, 0, 4;
    %assign/vec4 v0x5555594b0120_0, 0;
    %pushi/vec4 0, 0, 8;
    %assign/vec4 v0x5555594afe20_0, 0;
    %pushi/vec4 0, 0, 3;
    %assign/vec4 v0x5555594afb00_0, 0;
    %jmp T_2.1;
T_2.0 ;
    %load/vec4 v0x5555594aff00_0;
    %assign/vec4 v0x5555594afc80_0, 0;
    %load/vec4 v0x5555594af9f0_0;
    %flag_set/vec4 8;
    %jmp/0xz  T_2.2, 8;
    %pushi/vec4 0, 0, 7;
    %assign/vec4 v0x5555594af910_0, 0;
    %jmp T_2.3;
T_2.2 ;
    %load/vec4 v0x5555594af910_0;
    %addi 1, 0, 7;
    %assign/vec4 v0x5555594af910_0, 0;
T_2.3 ;
    %load/vec4 v0x5555594afc80_0;
    %cmpi/e 0, 0, 32;
    %jmp/0xz  T_2.4, 4;
    %pushi/vec4 0, 0, 3;
    %assign/vec4 v0x5555594afb00_0, 0;
    %pushi/vec4 0, 0, 4;
    %assign/vec4 v0x5555594b0120_0, 0;
    %load/vec4 v0x5555594b0080_0;
    %flag_set/vec4 8;
    %jmp/0xz  T_2.6, 8;
    %load/vec4 v0x5555594afd40_0;
    %assign/vec4 v0x5555594afe20_0, 0;
T_2.6 ;
T_2.4 ;
    %load/vec4 v0x5555594af9f0_0;
    %flag_set/vec4 8;
    %jmp/0xz  T_2.8, 8;
    %load/vec4 v0x5555594b0120_0;
    %pad/u 32;
    %cmpi/e 15, 0, 32;
    %jmp/0xz  T_2.10, 4;
    %pushi/vec4 0, 0, 4;
    %assign/vec4 v0x5555594b0120_0, 0;
    %load/vec4 v0x5555594afc80_0;
    %cmpi/e 2, 0, 32;
    %jmp/0xz  T_2.12, 4;
    %load/vec4 v0x5555594afb00_0;
    %addi 1, 0, 3;
    %assign/vec4 v0x5555594afb00_0, 0;
T_2.12 ;
    %jmp T_2.11;
T_2.10 ;
    %load/vec4 v0x5555594b0120_0;
    %addi 1, 0, 4;
    %assign/vec4 v0x5555594b0120_0, 0;
T_2.11 ;
T_2.8 ;
T_2.1 ;
    %jmp T_2;
    .thread T_2;
    .scope S_0x555559426d40;
T_3 ;
    %wait E_0x555559474ce0;
    %load/vec4 v0x5555594aedf0_0;
    %flag_set/vec4 8;
    %jmp/0xz  T_3.0, 8;
    %pushi/vec4 0, 0, 32;
    %assign/vec4 v0x5555594aea90_0, 0;
    %pushi/vec4 7, 0, 3;
    %assign/vec4 v0x555559480040_0, 0;
    %pushi/vec4 0, 0, 4;
    %assign/vec4 v0x5555594aef70_0, 0;
    %pushi/vec4 0, 0, 8;
    %assign/vec4 v0x5555594aec50_0, 0;
    %pushi/vec4 0, 0, 7;
    %assign/vec4 v0x55555945e530_0, 0;
    %jmp T_3.1;
T_3.0 ;
    %load/vec4 v0x55555947fd30_0;
    %flag_set/vec4 8;
    %jmp/0xz  T_3.2, 8;
    %pushi/vec4 0, 0, 7;
    %assign/vec4 v0x55555945e530_0, 0;
    %jmp T_3.3;
T_3.2 ;
    %load/vec4 v0x55555945e530_0;
    %addi 1, 0, 7;
    %assign/vec4 v0x55555945e530_0, 0;
T_3.3 ;
    %load/vec4 v0x55555947fd30_0;
    %flag_set/vec4 8;
    %jmp/0xz  T_3.4, 8;
    %load/vec4 v0x5555594aea90_0;
    %dup/vec4;
    %pushi/vec4 0, 0, 32;
    %cmp/u;
    %jmp/1 T_3.6, 6;
    %dup/vec4;
    %pushi/vec4 1, 0, 32;
    %cmp/u;
    %jmp/1 T_3.7, 6;
    %dup/vec4;
    %pushi/vec4 2, 0, 32;
    %cmp/u;
    %jmp/1 T_3.8, 6;
    %dup/vec4;
    %pushi/vec4 3, 0, 32;
    %cmp/u;
    %jmp/1 T_3.9, 6;
    %pushi/vec4 0, 0, 32;
    %assign/vec4 v0x5555594aea90_0, 0;
    %jmp T_3.11;
T_3.6 ;
    %load/vec4 v0x5555594aeeb0_0;
    %pad/u 32;
    %cmpi/e 0, 0, 32;
    %jmp/0xz  T_3.12, 4;
    %pushi/vec4 1, 0, 32;
    %assign/vec4 v0x5555594aea90_0, 0;
    %pushi/vec4 0, 0, 4;
    %assign/vec4 v0x5555594aef70_0, 0;
    %pushi/vec4 7, 0, 3;
    %assign/vec4 v0x555559480040_0, 0;
T_3.12 ;
    %jmp T_3.11;
T_3.7 ;
    %load/vec4 v0x5555594aef70_0;
    %pad/u 32;
    %cmpi/e 7, 0, 32;
    %jmp/0xz  T_3.14, 4;
    %pushi/vec4 2, 0, 32;
    %assign/vec4 v0x5555594aea90_0, 0;
T_3.14 ;
    %load/vec4 v0x5555594aef70_0;
    %addi 1, 0, 4;
    %assign/vec4 v0x5555594aef70_0, 0;
    %jmp T_3.11;
T_3.8 ;
    %load/vec4 v0x5555594aef70_0;
    %pad/u 32;
    %cmpi/e 15, 0, 32;
    %jmp/0xz  T_3.16, 4;
    %load/vec4 v0x5555594aeeb0_0;
    %ix/load 5, 0, 0;
    %ix/getv 4, v0x555559480040_0;
    %assign/vec4/off/d v0x5555594aec50_0, 4, 5;
    %pushi/vec4 0, 0, 4;
    %assign/vec4 v0x5555594aef70_0, 0;
    %load/vec4 v0x555559480040_0;
    %pad/u 32;
    %cmpi/e 0, 0, 32;
    %jmp/0xz  T_3.18, 4;
    %pushi/vec4 3, 0, 32;
    %assign/vec4 v0x5555594aea90_0, 0;
    %jmp T_3.19;
T_3.18 ;
    %pushi/vec4 2, 0, 32;
    %assign/vec4 v0x5555594aea90_0, 0;
    %load/vec4 v0x555559480040_0;
    %subi 1, 0, 3;
    %assign/vec4 v0x555559480040_0, 0;
T_3.19 ;
    %jmp T_3.17;
T_3.16 ;
    %load/vec4 v0x5555594aef70_0;
    %addi 1, 0, 4;
    %assign/vec4 v0x5555594aef70_0, 0;
T_3.17 ;
    %jmp T_3.11;
T_3.9 ;
    %load/vec4 v0x5555594aef70_0;
    %pad/u 32;
    %cmpi/e 15, 0, 32;
    %jmp/0xz  T_3.20, 4;
    %pushi/vec4 0, 0, 32;
    %assign/vec4 v0x5555594aea90_0, 0;
    %load/vec4 v0x5555594aec50_0;
    %assign/vec4 v0x5555594aeb70_0, 0;
    %pushi/vec4 1, 0, 1;
    %assign/vec4 v0x5555594aed30_0, 0;
    %pushi/vec4 0, 0, 4;
    %assign/vec4 v0x5555594aef70_0, 0;
    %jmp T_3.21;
T_3.20 ;
    %load/vec4 v0x5555594aef70_0;
    %addi 1, 0, 4;
    %assign/vec4 v0x5555594aef70_0, 0;
T_3.21 ;
    %jmp T_3.11;
T_3.11 ;
    %pop/vec4 1;
    %jmp T_3.5;
T_3.4 ;
    %pushi/vec4 0, 0, 1;
    %assign/vec4 v0x5555594aed30_0, 0;
T_3.5 ;
T_3.1 ;
    %jmp T_3;
    .thread T_3;
    .scope S_0x555559490650;
T_4 ;
    %delay 10000, 0;
    %load/vec4 v0x5555594b0380_0;
    %inv;
    %store/vec4 v0x5555594b0380_0, 0, 1;
    %jmp T_4;
    .thread T_4;
    .scope S_0x555559490650;
T_5 ;
    %pushi/vec4 0, 0, 1;
    %store/vec4 v0x5555594b0380_0, 0, 1;
    %pushi/vec4 1, 0, 1;
    %store/vec4 v0x5555594b05c0_0, 0, 1;
    %pushi/vec4 0, 0, 8;
    %store/vec4 v0x5555594b0840_0, 0, 8;
    %pushi/vec4 0, 0, 1;
    %store/vec4 v0x5555594b08e0_0, 0, 1;
    %pushi/vec4 10, 0, 32;
T_5.0 %dup/vec4;
    %cmpi/s 0, 0, 32;
    %jmp/1xz T_5.1, 5;
    %jmp/1 T_5.1, 4;
    %subi 1, 0, 32;
    %wait E_0x555559474ce0;
    %jmp T_5.0;
T_5.1 ;
    %pop/vec4 1;
    %pushi/vec4 0, 0, 1;
    %store/vec4 v0x5555594b05c0_0, 0, 1;
    %pushi/vec4 5, 0, 32;
T_5.2 %dup/vec4;
    %cmpi/s 0, 0, 32;
    %jmp/1xz T_5.3, 5;
    %jmp/1 T_5.3, 4;
    %subi 1, 0, 32;
    %wait E_0x555559474ce0;
    %jmp T_5.2;
T_5.3 ;
    %pop/vec4 1;
    %vpi_call/w 3 74 "$display", "[TB] Starting UART Loopback Test..." {0 0 0};
    %vpi_call/w 3 77 "$display", "[TB] Sending 8'hA5..." {0 0 0};
    %alloc S_0x5555594af0f0;
    %pushi/vec4 165, 0, 8;
    %store/vec4 v0x5555594af2a0_0, 0, 8;
    %fork TD_uart_loopback_tb.send_byte, S_0x5555594af0f0;
    %join;
    %free S_0x5555594af0f0;
    %vpi_call/w 3 81 "$display", "[TB] Sending 8'hF0..." {0 0 0};
    %alloc S_0x5555594af0f0;
    %pushi/vec4 240, 0, 8;
    %store/vec4 v0x5555594af2a0_0, 0, 8;
    %fork TD_uart_loopback_tb.send_byte, S_0x5555594af0f0;
    %join;
    %free S_0x5555594af0f0;
    %vpi_call/w 3 85 "$display", "[TB] Sending 8'h00..." {0 0 0};
    %alloc S_0x5555594af0f0;
    %pushi/vec4 0, 0, 8;
    %store/vec4 v0x5555594af2a0_0, 0, 8;
    %fork TD_uart_loopback_tb.send_byte, S_0x5555594af0f0;
    %join;
    %free S_0x5555594af0f0;
    %pushi/vec4 100, 0, 32;
T_5.4 %dup/vec4;
    %cmpi/s 0, 0, 32;
    %jmp/1xz T_5.5, 5;
    %jmp/1 T_5.5, 4;
    %subi 1, 0, 32;
    %wait E_0x555559474ce0;
    %jmp T_5.4;
T_5.5 ;
    %pop/vec4 1;
    %vpi_call/w 3 91 "$display", "[TB] Simulation completed." {0 0 0};
    %vpi_call/w 3 92 "$finish" {0 0 0};
    %end;
    .thread T_5;
    .scope S_0x555559490650;
T_6 ;
    %wait E_0x555559474ce0;
    %load/vec4 v0x5555594b07a0_0;
    %flag_set/vec4 8;
    %jmp/0xz  T_6.0, 8;
    %vpi_func 3 98 "$size" 32, v0x5555594b0520_0 {0 0 0};
    %cmpi/e 0, 0, 32;
    %jmp/0xz  T_6.2, 4;
    %vpi_call/w 3 99 "$error", "[CHECKER ERROR] Received unexpected data valid pulse! No data was expected." {0 0 0};
    %jmp T_6.3;
T_6.2 ;
    %qpop/f/v v0x5555594b0520_0, 8;
    %store/vec4 v0x5555594b0440_0, 0, 8;
    %load/vec4 v0x5555594b06b0_0;
    %load/vec4 v0x5555594b0440_0;
    %cmp/e;
    %jmp/0xz  T_6.4, 6;
    %vpi_call/w 3 103 "$display", "[SUCCESS] Matched! Sent: 8'h%h | Received: 8'h%h", v0x5555594b0440_0, v0x5555594b06b0_0 {0 0 0};
    %jmp T_6.5;
T_6.4 ;
    %vpi_call/w 3 105 "$error", "[FAILURE] Mismatch! Sent: 8'h%h | Received: 8'h%h (Check bit ordering!)", v0x5555594b0440_0, v0x5555594b06b0_0 {0 0 0};
T_6.5 ;
T_6.3 ;
T_6.0 ;
    %jmp T_6;
    .thread T_6;
# The file index is used to find the file name in the following table.
:file_names 6;
    "N/A";
    "<interactive>";
    "-";
    "tb_uart.sv";
    "uart_rx.sv";
    "uart_tx.sv";
